<?xml version="1.0" encoding="UTF-8"?>
<!-- Generated by org.testng.reporters.JUnitReportReporter -->
<testsuite hostname="LAPTOP-TCC8V4HR" name="covid.testng" tests="2" failures="0" timestamp="11 Jul 2020 20:48:38 GMT" time="46.781" errors="0">
  <testcase name="a_Test" time="5.046" classname="covid.testng"/>
  <testcase name="b_Test" time="41.735" classname="covid.testng"/>
</testsuite> <!-- covid.testng -->
