<?xml version="1.0" encoding="UTF-8"?>
<!-- Generated by org.testng.reporters.JUnitReportReporter -->
<testsuite hostname="LAPTOP-TCC8V4HR" name="covid.testng" tests="2" failures="0" timestamp="12 Jul 2020 05:45:28 GMT" time="48.923" errors="0">
  <testcase name="a_Test" time="4.989" classname="covid.testng"/>
  <testcase name="b_Test" time="43.934" classname="covid.testng"/>
</testsuite> <!-- covid.testng -->
